Using pre-set license
Built from '2020.3/staging' branch; Version is '2020.3.3f1 (76626098c1c4) revision 7758432'; Using compiler version '192528614'; Build Type 'Release'
OS: 'Windows 10 Pro; OS build 19042.631; Version 2009; 64bit' Language: 'ru' Physical Memory: 32580 MB
BatchMode: 1, IsHumanControllingUs: 0, StartBugReporterOnCrash: 0, Is64bit: 1, IsPro: 0

 COMMAND LINE ARGUMENTS:
C:\Program Files\Unity\Hub\Editor\2020.3.3f1\Editor\Unity.exe
-adb2
-batchMode
-noUpm
-name
AssetImportWorker0
-projectPath
C:/Users/root/Documents/ArtMastersGame/Game
-logFile
Logs/AssetImportWorker0.log
-srvPort
60014
Successfully changed project path to: C:/Users/root/Documents/ArtMastersGame/Game
C:/Users/root/Documents/ArtMastersGame/Game
Using Asset Import Pipeline V2.
Refreshing native plugins compatible for Editor in 27.33 ms, found 1 plugins.
Preloading 0 native plugins for Editor in 0.00 ms.
Initialize engine version: 2020.3.3f1 (76626098c1c4)
[Subsystems] Discovering subsystems at path C:/Program Files/Unity/Hub/Editor/2020.3.3f1/Editor/Data/Resources/UnitySubsystems
[Subsystems] Discovering subsystems at path C:/Users/root/Documents/ArtMastersGame/Game/Assets
GfxDevice: creating device client; threaded=0
Direct3D:
    Version:  Direct3D 11.0 [level 11.1]
    Renderer: NVIDIA GeForce GTX 1660 Ti with Max-Q Design (ID=0x2191)
    Vendor:   
    VRAM:     5991 MB
    Driver:   27.21.14.5734
Initialize mono
Mono path[0] = 'C:/Program Files/Unity/Hub/Editor/2020.3.3f1/Editor/Data/Managed'
Mono path[1] = 'C:/Program Files/Unity/Hub/Editor/2020.3.3f1/Editor/Data/MonoBleedingEdge/lib/mono/unityjit'
Mono config path = 'C:/Program Files/Unity/Hub/Editor/2020.3.3f1/Editor/Data/MonoBleedingEdge/etc'
Using monoOptions --debugger-agent=transport=dt_socket,embedding=1,server=y,suspend=n,address=127.0.0.1:56896
Begin MonoManager ReloadAssembly
Registering precompiled unity dll's ...
Trying to register platform support module: C:/Program Files/Unity/Hub/Editor/2020.3.3f1/Editor/Data/PlaybackEngines/WebGLSupport/UnityEditor.WebGL.Extensions.dll (that doesn't exist). Retrying without overrides.
Platform support module is not available: C:/Program Files/Unity/Hub/Editor/2020.3.3f1/Editor/Data/PlaybackEngines/WebGLSupport/UnityEditor.WebGL.Extensions.dll
Register platform support module: C:/Program Files/Unity/Hub/Editor/2020.3.3f1/Editor/Data/PlaybackEngines/WindowsStandaloneSupport/UnityEditor.WindowsStandalone.Extensions.dll
Registered in 0.001050 seconds.
Native extension for WindowsStandalone target not found
Refreshing native plugins compatible for Editor in 28.08 ms, found 1 plugins.
Preloading 0 native plugins for Editor in 0.00 ms.
Invoked RoslynAnalysisRunner static constructor.
RoslynAnalysisRunner will not be running.
RoslynAnalysisRunner has terminated.
Mono: successfully reloaded assembly
- Completed reload, in  1.564 seconds
Platform modules already initialized, skipping
Registering precompiled user dll's ...
Registered in 0.000521 seconds.
Begin MonoManager ReloadAssembly
Native extension for WindowsStandalone target not found
Refreshing native plugins compatible for Editor in 28.54 ms, found 1 plugins.
Preloading 0 native plugins for Editor in 0.00 ms.
Invoked RoslynAnalysisRunner static constructor.
RoslynAnalysisRunner will not be running.
RoslynAnalysisRunner has terminated.
Mono: successfully reloaded assembly
- Completed reload, in  0.706 seconds
Platform modules already initialized, skipping
========================================================================
Worker process is ready to serve import requests
Launched and connected shader compiler UnityShaderCompiler.exe after 0.04 seconds
Refreshing native plugins compatible for Editor in 0.29 ms, found 1 plugins.
Preloading 0 native plugins for Editor in 0.00 ms.
Unloading 1831 Unused Serialized files (Serialized files now loaded: 0)
System memory in use before: 85.6 MB.
System memory in use after: 85.5 MB.

Unloading 24 unused Assets to reduce memory usage. Loaded Objects now: 2273.
Total: 1.830100 ms (FindLiveObjects: 0.158400 ms CreateObjectMapping: 0.074400 ms MarkObjects: 1.492500 ms  DeleteObjects: 0.103900 ms)

========================================================================
Received Import Request.
  path: Assets/NavMesh2d
  artifactKey: Guid(6ed8122c401e7a44182bcc3582750a5c) Importer(815301076,1909f56bfc062723c751e8b465ee728b)
Start importing Assets/NavMesh2d using Guid(6ed8122c401e7a44182bcc3582750a5c) Importer(815301076,1909f56bfc062723c751e8b465ee728b)  -> (artifact id: '87e6ae6e2c450724f3efb2cab3ad07c5') in 0.004048 seconds
  Import took 0.006369 seconds .

========================================================================
Received Import Request.
  Time since last request: 8.724283 seconds.
  path: Assets/NavMesh2d/Unity
  artifactKey: Guid(2d085361c3a06be448c4127d3d5e22f4) Importer(815301076,1909f56bfc062723c751e8b465ee728b)
Start importing Assets/NavMesh2d/Unity using Guid(2d085361c3a06be448c4127d3d5e22f4) Importer(815301076,1909f56bfc062723c751e8b465ee728b)  -> (artifact id: '7e07bc549b61ff83b976aaf7ebe975dd') in 0.002557 seconds
  Import took 0.005053 seconds .

========================================================================
Received Import Request.
  Time since last request: 0.001805 seconds.
  path: Assets/NavMesh2d/Unity
  artifactKey: Guid(2d085361c3a06be448c4127d3d5e22f4) Importer(815301076,1909f56bfc062723c751e8b465ee728b)
Start importing Assets/NavMesh2d/Unity using Guid(2d085361c3a06be448c4127d3d5e22f4) Importer(815301076,1909f56bfc062723c751e8b465ee728b)  -> (artifact id: '7e07bc549b61ff83b976aaf7ebe975dd') in 0.002124 seconds
  Import took 0.004328 seconds .

========================================================================
Received Import Request.
  Time since last request: 2.255132 seconds.
  path: Assets/NavMesh2d/NavMeshComponents
  artifactKey: Guid(7519ca32c072961498ed3151eae536a1) Importer(815301076,1909f56bfc062723c751e8b465ee728b)
Start importing Assets/NavMesh2d/NavMeshComponents using Guid(7519ca32c072961498ed3151eae536a1) Importer(815301076,1909f56bfc062723c751e8b465ee728b)  -> (artifact id: '2dced9fca19d5f7eedf5e1f6de9ff080') in 0.002645 seconds
  Import took 0.005252 seconds .

========================================================================
Received Import Request.
  Time since last request: 2.033842 seconds.
  path: Assets/NavMesh2d/Gizmos/NavMeshLink Icon.png
  artifactKey: Guid(92f4afa3e25264f5b964937ccea49ff2) Importer(815301076,1909f56bfc062723c751e8b465ee728b)
Start importing Assets/NavMesh2d/Gizmos/NavMeshLink Icon.png using Guid(92f4afa3e25264f5b964937ccea49ff2) Importer(815301076,1909f56bfc062723c751e8b465ee728b)  -> (artifact id: '4e8f19068c5d067e867fbea78a57ee1c') in 0.040508 seconds
  Import took 0.042692 seconds .

========================================================================
Received Import Request.
  Time since last request: 0.000340 seconds.
  path: Assets/NavMesh2d/Gizmos
  artifactKey: Guid(1f3d783ec2096a945b949dc7763121c8) Importer(815301076,1909f56bfc062723c751e8b465ee728b)
Start importing Assets/NavMesh2d/Gizmos using Guid(1f3d783ec2096a945b949dc7763121c8) Importer(815301076,1909f56bfc062723c751e8b465ee728b)  -> (artifact id: 'd05a136f57444d82555bbb613e5e2f6a') in 0.001743 seconds
  Import took 0.003727 seconds .

========================================================================
Received Import Request.
  Time since last request: 0.000332 seconds.
  path: Assets/NavMesh2d/Gizmos/NavMeshSurface2d Icon.png
  artifactKey: Guid(871b885cd68224f4787ae765e0da9571) Importer(815301076,1909f56bfc062723c751e8b465ee728b)
Start importing Assets/NavMesh2d/Gizmos/NavMeshSurface2d Icon.png using Guid(871b885cd68224f4787ae765e0da9571) Importer(815301076,1909f56bfc062723c751e8b465ee728b)  -> (artifact id: '2e8924a0178c0c363263bfb27bafdf3d') in 0.007004 seconds
  Import took 0.009083 seconds .

========================================================================
Received Import Request.
  Time since last request: 0.000383 seconds.
  path: Assets/NavMesh2d/Gizmos/NavMeshSurface Icon.png
  artifactKey: Guid(e4f97225bcfb64760a1c81f460837f01) Importer(815301076,1909f56bfc062723c751e8b465ee728b)
Start importing Assets/NavMesh2d/Gizmos/NavMeshSurface Icon.png using Guid(e4f97225bcfb64760a1c81f460837f01) Importer(815301076,1909f56bfc062723c751e8b465ee728b)  -> (artifact id: 'd5f8607f8527f91d0a1e9072f33387d1') in 0.008913 seconds
  Import took 0.011346 seconds .

========================================================================
Received Import Request.
  Time since last request: 0.000261 seconds.
  path: Assets/NavMesh2d/Gizmos/NavMeshModifierVolume Icon.png
  artifactKey: Guid(cc7b9475dbddf4f9088d327d6e10ab77) Importer(815301076,1909f56bfc062723c751e8b465ee728b)
Start importing Assets/NavMesh2d/Gizmos/NavMeshModifierVolume Icon.png using Guid(cc7b9475dbddf4f9088d327d6e10ab77) Importer(815301076,1909f56bfc062723c751e8b465ee728b)  -> (artifact id: '529641a55baae90a421e44934b283429') in 0.010200 seconds
  Import took 0.012625 seconds .

